Using pre-set license
Built from '2021.3/staging' branch; Version is '2021.3.21f1 (1b156197d683) revision 1774945'; Using compiler version '192829333'; Build Type 'Release'
OS: 'Windows 11  (10.0.22621) 64bit Core' Language: 'en' Physical Memory: 7831 MB
BatchMode: 1, IsHumanControllingUs: 0, StartBugReporterOnCrash: 0, Is64bit: 1, IsPro: 1

COMMAND LINE ARGUMENTS:
C:\Program Files\Unity\Hub\Editor\2021.3.21f1\Editor\Unity.exe
-adb2
-batchMode
-noUpm
-name
AssetImportWorker0
-projectPath
C:/SummerUnity/MyFirstSpatialWorld
-logFile
Logs/AssetImportWorker0.log
-srvPort
60153
Successfully changed project path to: C:/SummerUnity/MyFirstSpatialWorld
C:/SummerUnity/MyFirstSpatialWorld
[UnityMemory] Configuration Parameters - Can be set up in boot.config
    "memorysetup-bucket-allocator-granularity=16"
    "memorysetup-bucket-allocator-bucket-count=8"
    "memorysetup-bucket-allocator-block-size=33554432"
    "memorysetup-bucket-allocator-block-count=8"
    "memorysetup-main-allocator-block-size=16777216"
    "memorysetup-thread-allocator-block-size=16777216"
    "memorysetup-gfx-main-allocator-block-size=16777216"
    "memorysetup-gfx-thread-allocator-block-size=16777216"
    "memorysetup-cache-allocator-block-size=4194304"
    "memorysetup-typetree-allocator-block-size=2097152"
    "memorysetup-profiler-bucket-allocator-granularity=16"
    "memorysetup-profiler-bucket-allocator-bucket-count=8"
    "memorysetup-profiler-bucket-allocator-block-size=33554432"
    "memorysetup-profiler-bucket-allocator-block-count=8"
    "memorysetup-profiler-allocator-block-size=16777216"
    "memorysetup-profiler-editor-allocator-block-size=1048576"
    "memorysetup-temp-allocator-size-main=16777216"
    "memorysetup-job-temp-allocator-block-size=2097152"
    "memorysetup-job-temp-allocator-block-size-background=1048576"
    "memorysetup-job-temp-allocator-reduction-small-platforms=262144"
    "memorysetup-temp-allocator-size-background-worker=32768"
    "memorysetup-temp-allocator-size-job-worker=262144"
    "memorysetup-temp-allocator-size-preload-manager=33554432"
    "memorysetup-temp-allocator-size-nav-mesh-worker=65536"
    "memorysetup-temp-allocator-size-audio-worker=65536"
    "memorysetup-temp-allocator-size-cloud-worker=32768"
    "memorysetup-temp-allocator-size-gi-baking-worker=262144"
    "memorysetup-temp-allocator-size-gfx=262144"
Player connection [18148] Host "[IP] 192.168.1.10 [Port] 0 [Flags] 2 [Guid] 3142053270 [EditorId] 3142053270 [Version] 1048832 [Id] WindowsEditor(7,DESKTOP-GR1RCHS) [Debug] 1 [PackageName] WindowsEditor [ProjectName] Editor" joined multi-casting on [225.0.0.222:54997]...

Player connection [18148] Host "[IP] 192.168.1.10 [Port] 0 [Flags] 2 [Guid] 3142053270 [EditorId] 3142053270 [Version] 1048832 [Id] WindowsEditor(7,DESKTOP-GR1RCHS) [Debug] 1 [PackageName] WindowsEditor [ProjectName] Editor" joined alternative multi-casting on [225.0.0.222:34997]...

Refreshing native plugins compatible for Editor in 381.99 ms, found 1 plugins.
Preloading 0 native plugins for Editor in 0.00 ms.
Initialize engine version: 2021.3.21f1 (1b156197d683)
[Subsystems] Discovering subsystems at path C:/Program Files/Unity/Hub/Editor/2021.3.21f1/Editor/Data/Resources/UnitySubsystems
[Subsystems] Discovering subsystems at path C:/SummerUnity/MyFirstSpatialWorld/Assets
GfxDevice: creating device client; threaded=0; jobified=0
Direct3D:
    Version:  Direct3D 11.0 [level 11.1]
    Renderer: Intel(R) Iris(R) Xe Graphics (ID=0x9a49)
    Vendor:   Intel
    VRAM:     3915 MB
    Driver:   27.20.100.9079
Initialize mono
Mono path[0] = 'C:/Program Files/Unity/Hub/Editor/2021.3.21f1/Editor/Data/Managed'
Mono path[1] = 'C:/Program Files/Unity/Hub/Editor/2021.3.21f1/Editor/Data/MonoBleedingEdge/lib/mono/unityjit-win32'
Mono config path = 'C:/Program Files/Unity/Hub/Editor/2021.3.21f1/Editor/Data/MonoBleedingEdge/etc'
Using monoOptions --debugger-agent=transport=dt_socket,embedding=1,server=y,suspend=n,address=127.0.0.1:56712
Begin MonoManager ReloadAssembly
Registering precompiled unity dll's ...
Register platform support module: C:/Program Files/Unity/Hub/Editor/2021.3.21f1/Editor/Data/PlaybackEngines/WebGLSupport/UnityEditor.WebGL.Extensions.dll
Register platform support module: C:/Program Files/Unity/Hub/Editor/2021.3.21f1/Editor/Data/PlaybackEngines/WindowsStandaloneSupport/UnityEditor.WindowsStandalone.Extensions.dll
Registered in 0.007008 seconds.
Native extension for WindowsStandalone target not found
Native extension for WebGL target not found
Refreshing native plugins compatible for Editor in 148.98 ms, found 1 plugins.
Preloading 0 native plugins for Editor in 0.00 ms.
Mono: successfully reloaded assembly
- Completed reload, in  1.343 seconds
Domain Reload Profiling:
	ReloadAssembly (1344ms)
		BeginReloadAssembly (160ms)
			ExecutionOrderSort (0ms)
			DisableScriptedObjects (0ms)
			BackupInstance (0ms)
			ReleaseScriptingObjects (0ms)
			CreateAndSetChildDomain (2ms)
		EndReloadAssembly (1062ms)
			LoadAssemblies (155ms)
			RebuildTransferFunctionScriptingTraits (2ms)
			SetupTypeCache (219ms)
			ReleaseScriptCaches (0ms)
			RebuildScriptCaches (43ms)
			SetupLoadedEditorAssemblies (637ms)
				LogAssemblyErrors (0ms)
				InitializePlatformSupportModulesInManaged (13ms)
				SetLoadedEditorAssemblies (0ms)
				RefreshPlugins (149ms)
				BeforeProcessingInitializeOnLoad (3ms)
				ProcessInitializeOnLoadAttributes (324ms)
				ProcessInitializeOnLoadMethodAttributes (147ms)
				AfterProcessingInitializeOnLoad (0ms)
				EditorAssembliesLoaded (0ms)
			ExecutionOrderSort2 (0ms)
			AwakeInstancesAfterBackupRestoration (0ms)
Platform modules already initialized, skipping
Registering precompiled user dll's ...
Registered in 0.037197 seconds.
Begin MonoManager ReloadAssembly
Symbol file LoadedFromMemory doesn't match image C:\SummerUnity\MyFirstSpatialWorld\Library\PackageCache\com.unity.visualscripting@1.8.0\Editor\VisualScripting.Core\Dependencies\YamlDotNet\Unity.VisualScripting.YamlDotNet.dll
Symbol file LoadedFromMemory doesn't match image C:\SummerUnity\MyFirstSpatialWorld\Library\PackageCache\com.unity.visualscripting@1.8.0\Editor\VisualScripting.Core\Dependencies\DotNetZip\Unity.VisualScripting.IonicZip.dll
Native extension for WindowsStandalone target not found
Native extension for WebGL target not found
Refreshing native plugins compatible for Editor in 223.78 ms, found 1 plugins.
Preloading 0 native plugins for Editor in 0.00 ms.
Package Manager log level set to [2]
System.Reflection.TargetInvocationException: Exception has been thrown by the target of an invocation. ---> System.TypeInitializationException: The type initializer for 'SpatialSys.UnitySDK.Editor.AuthUtility' threw an exception. ---> System.NullReferenceException: Object reference not set to an instance of an object
  at SpatialSys.UnitySDK.Editor.PackageManagerUtility.get_isOfficialVersion () [0x00000] in C:\SummerUnity\MyFirstSpatialWorld\Library\PackageCache\io.spatial.unitysdk@0.66.0\Editor\Scripts\Utilities\PackageManagerUtility.cs:16 
  at SpatialSys.UnitySDK.Editor.SpatialAPI.CreateRequest () [0x00025] in C:\SummerUnity\MyFirstSpatialWorld\Library\PackageCache\io.spatial.unitysdk@0.66.0\Editor\Scripts\Internal\SpatialAPI.cs:244 
  at SpatialSys.UnitySDK.Editor.SpatialAPI.GetUserData () [0x00000] in C:\SummerUnity\MyFirstSpatialWorld\Library\PackageCache\io.spatial.unitysdk@0.66.0\Editor\Scripts\Internal\SpatialAPI.cs:27 
  at SpatialSys.UnitySDK.Editor.AuthUtility.LogIn (System.String token) [0x0004b] in C:\SummerUnity\MyFirstSpatialWorld\Library\PackageCache\io.spatial.unitysdk@0.66.0\Editor\Scripts\Utilities\AuthUtility.cs:85 
  at SpatialSys.UnitySDK.Editor.AuthUtility.LogInWithDialogPopup (System.String token, System.Boolean showFailureDialog) [0x0000d] in C:\SummerUnity\MyFirstSpatialWorld\Library\PackageCache\io.spatial.unitysdk@0.66.0\Editor\Scripts\Utilities\AuthUtility.cs:98 
  at SpatialSys.UnitySDK.Editor.AuthUtility.ReauthenticateSessionIfNecessary (System.Boolean showFailureDialog) [0x00013] in C:\SummerUnity\MyFirstSpatialWorld\Library\PackageCache\io.spatial.unitysdk@0.66.0\Editor\Scripts\Utilities\AuthUtility.cs:70 
  at SpatialSys.UnitySDK.Editor.AuthUtility..cctor () [0x0002c] in C:\SummerUnity\MyFirstSpatialWorld\Library\PackageCache\io.spatial.unitysdk@0.66.0\Editor\Scripts\Utilities\AuthUtility.cs:62 
   --- End of inner exception stack trace ---
  at SpatialSys.UnitySDK.Editor.WorldUtility.OnScriptsReloaded () [0x00000] in C:\SummerUnity\MyFirstSpatialWorld\Library\PackageCache\io.spatial.unitysdk@0.66.0\Editor\Scripts\Utilities\WorldUtility.cs:19 
  at (wrapper managed-to-native) System.Reflection.RuntimeMethodInfo.InternalInvoke(System.Reflection.RuntimeMethodInfo,object,object[],System.Exception&)
  at System.Reflection.RuntimeMethodInfo.Invoke (System.Object obj, System.Reflection.BindingFlags invokeAttr, System.Reflection.Binder binder, System.Object[] parameters, System.Globalization.CultureInfo culture) [0x0006a] in <88e4733ac7bc4ae1b496735e6b83bbd3>:0 
   --- End of inner exception stack trace ---
  at System.Reflection.RuntimeMethodInfo.Invoke (System.Object obj, System.Reflection.BindingFlags invokeAttr, System.Reflection.Binder binder, System.Object[] parameters, System.Globalization.CultureInfo culture) [0x00083] in <88e4733ac7bc4ae1b496735e6b83bbd3>:0 
  at System.Reflection.MethodBase.Invoke (System.Object obj, System.Object[] parameters) [0x00000] in <88e4733ac7bc4ae1b496735e6b83bbd3>:0 
  at UnityEditor.EditorAssemblies.ProcessInitializeOnLoadMethodAttributes () [0x000a5] in <57a8ad0d1492436d8cfee9ba8e6618f8>:0 
UnityEngine.StackTraceUtility:ExtractStackTrace ()
UnityEngine.DebugLogHandler:LogFormat (UnityEngine.LogType,UnityEngine.Object,string,object[])
UnityEngine.Logger:Log (UnityEngine.LogType,object)
UnityEngine.Debug:LogError (object)
UnityEditor.EditorAssemblies:ProcessInitializeOnLoadMethodAttributes ()

Mono: successfully reloaded assembly
- Completed reload, in  2.540 seconds
Domain Reload Profiling:
	ReloadAssembly (2542ms)
		BeginReloadAssembly (316ms)
			ExecutionOrderSort (0ms)
			DisableScriptedObjects (8ms)
			BackupInstance (0ms)
			ReleaseScriptingObjects (0ms)
			CreateAndSetChildDomain (45ms)
		EndReloadAssembly (1998ms)
			LoadAssemblies (268ms)
			RebuildTransferFunctionScriptingTraits (0ms)
			SetupTypeCache (453ms)
			ReleaseScriptCaches (3ms)
			RebuildScriptCaches (126ms)
			SetupLoadedEditorAssemblies (1116ms)
				LogAssemblyErrors (0ms)
				InitializePlatformSupportModulesInManaged (9ms)
				SetLoadedEditorAssemblies (1ms)
				RefreshPlugins (224ms)
				BeforeProcessingInitializeOnLoad (208ms)
				ProcessInitializeOnLoadAttributes (430ms)
				ProcessInitializeOnLoadMethodAttributes (232ms)
				AfterProcessingInitializeOnLoad (13ms)
				EditorAssembliesLoaded (0ms)
			ExecutionOrderSort2 (0ms)
			AwakeInstancesAfterBackupRestoration (14ms)
Platform modules already initialized, skipping
========================================================================
Worker process is ready to serve import requests
Launched and connected shader compiler UnityShaderCompiler.exe after 0.05 seconds
Refreshing native plugins compatible for Editor in 1.40 ms, found 1 plugins.
Preloading 0 native plugins for Editor in 0.00 ms.
Unloading 4811 Unused Serialized files (Serialized files now loaded: 0)
Unloading 28 unused Assets / (456.5 KB). Loaded Objects now: 5271.
Memory consumption went from 202.2 MB to 201.7 MB.
Total: 8.769400 ms (FindLiveObjects: 0.559600 ms CreateObjectMapping: 0.899700 ms MarkObjects: 6.545400 ms  DeleteObjects: 0.762800 ms)

AssetImportParameters requested are different than current active one (requested -> active):
  custom:video-decoder-ogg-theora: a1e56fd34408186e4bbccfd4996cb3dc -> 
  custom:container-muxer-webm: aa71ff27fc2769a1b78a27578f13a17b -> 
  custom:container-demuxer-webm: 4f35f7cbe854078d1ac9338744f61a02 -> 
  custom:video-encoder-webm-vp8: eb34c28f22e8b96e1ab97ce403110664 -> 
  custom:video-codec-MediaFoundation-h265: 746d11721c4dcdbdad8f713fa42b33f4 -> 
  custom:audio-encoder-webm-vorbis: bf7c407c2cedff20999df2af8eb42d56 -> 
  custom:framework-win-MediaFoundation: 216162199b28c13a410421893ffa2e32 -> 
  custom:container-demuxer-ogg: 62fdf1f143b41e24485cea50d1cbac27 -> 
  custom:video-decoder-webm-vp8: 9c59270c3fd7afecdb556c50c9e8de78 -> 
  custom:audio-decoder-ogg-vorbis: bf7c407c2cedff20999df2af8eb42d56 -> 
========================================================================
Received Import Request.
  Time since last request: 1129187.883463 seconds.
  path: Assets/Misc/cube.fbx
  artifactKey: Guid(d50f4671a46ecb44fa21063325cd1887) Importer(815301076,1909f56bfc062723c751e8b465ee728b)
Start importing Assets/Misc/cube.fbx using Guid(d50f4671a46ecb44fa21063325cd1887) Importer(815301076,1909f56bfc062723c751e8b465ee728b)  -> (artifact id: '3e1875fe8d254aa912b14f4156638a38') in 0.801890 seconds 
========================================================================
Received Prepare
Registering precompiled user dll's ...
Registered in 0.016115 seconds.
Begin MonoManager ReloadAssembly
Symbol file LoadedFromMemory doesn't match image C:\SummerUnity\MyFirstSpatialWorld\Library\PackageCache\com.unity.visualscripting@1.8.0\Editor\VisualScripting.Core\Dependencies\YamlDotNet\Unity.VisualScripting.YamlDotNet.dll
Symbol file LoadedFromMemory doesn't match image C:\SummerUnity\MyFirstSpatialWorld\Library\PackageCache\com.unity.visualscripting@1.8.0\Editor\VisualScripting.Core\Dependencies\DotNetZip\Unity.VisualScripting.IonicZip.dll
Native extension for WindowsStandalone target not found
Native extension for WebGL target not found
Refreshing native plugins compatible for Editor in 1.07 ms, found 2 plugins.
Preloading 0 native plugins for Editor in 0.00 ms.
System.Reflection.TargetInvocationException: Exception has been thrown by the target of an invocation. ---> System.TypeInitializationException: The type initializer for 'SpatialSys.UnitySDK.Editor.AuthUtility' threw an exception. ---> System.NullReferenceException: Object reference not set to an instance of an object
  at SpatialSys.UnitySDK.Editor.PackageManagerUtility.get_isOfficialVersion () [0x00000] in C:\SummerUnity\MyFirstSpatialWorld\Library\PackageCache\io.spatial.unitysdk@0.66.0\Editor\Scripts\Utilities\PackageManagerUtility.cs:16 
  at SpatialSys.UnitySDK.Editor.SpatialAPI.CreateRequest () [0x00025] in C:\SummerUnity\MyFirstSpatialWorld\Library\PackageCache\io.spatial.unitysdk@0.66.0\Editor\Scripts\Internal\SpatialAPI.cs:244 
  at SpatialSys.UnitySDK.Editor.SpatialAPI.GetUserData () [0x00000] in C:\SummerUnity\MyFirstSpatialWorld\Library\PackageCache\io.spatial.unitysdk@0.66.0\Editor\Scripts\Internal\SpatialAPI.cs:27 
  at SpatialSys.UnitySDK.Editor.AuthUtility.LogIn (System.String token) [0x0004b] in C:\SummerUnity\MyFirstSpatialWorld\Library\PackageCache\io.spatial.unitysdk@0.66.0\Editor\Scripts\Utilities\AuthUtility.cs:85 
  at SpatialSys.UnitySDK.Editor.AuthUtility.LogInWithDialogPopup (System.String token, System.Boolean showFailureDialog) [0x0000d] in C:\SummerUnity\MyFirstSpatialWorld\Library\PackageCache\io.spatial.unitysdk@0.66.0\Editor\Scripts\Utilities\AuthUtility.cs:98 
  at SpatialSys.UnitySDK.Editor.AuthUtility.ReauthenticateSessionIfNecessary (System.Boolean showFailureDialog) [0x00013] in C:\SummerUnity\MyFirstSpatialWorld\Library\PackageCache\io.spatial.unitysdk@0.66.0\Editor\Scripts\Utilities\AuthUtility.cs:70 
  at SpatialSys.UnitySDK.Editor.AuthUtility..cctor () [0x0002c] in C:\SummerUnity\MyFirstSpatialWorld\Library\PackageCache\io.spatial.unitysdk@0.66.0\Editor\Scripts\Utilities\AuthUtility.cs:62 
   --- End of inner exception stack trace ---
  at SpatialSys.UnitySDK.Editor.WorldUtility.OnScriptsReloaded () [0x00000] in C:\SummerUnity\MyFirstSpatialWorld\Library\PackageCache\io.spatial.unitysdk@0.66.0\Editor\Scripts\Utilities\WorldUtility.cs:19 
  at (wrapper managed-to-native) System.Reflection.RuntimeMethodInfo.InternalInvoke(System.Reflection.RuntimeMethodInfo,object,object[],System.Exception&)
  at System.Reflection.RuntimeMethodInfo.Invoke (System.Object obj, System.Reflection.BindingFlags invokeAttr, System.Reflection.Binder binder, System.Object[] parameters, System.Globalization.CultureInfo culture) [0x0006a] in <88e4733ac7bc4ae1b496735e6b83bbd3>:0 
   --- End of inner exception stack trace ---
  at System.Reflection.RuntimeMethodInfo.Invoke (System.Object obj, System.Reflection.BindingFlags invokeAttr, System.Reflection.Binder binder, System.Object[] parameters, System.Globalization.CultureInfo culture) [0x00083] in <88e4733ac7bc4ae1b496735e6b83bbd3>:0 
  at System.Reflection.MethodBase.Invoke (System.Object obj, System.Object[] parameters) [0x00000] in <88e4733ac7bc4ae1b496735e6b83bbd3>:0 
  at UnityEditor.EditorAssemblies.ProcessInitializeOnLoadMethodAttributes () [0x000a5] in <57a8ad0d1492436d8cfee9ba8e6618f8>:0 
UnityEngine.StackTraceUtility:ExtractStackTrace ()
UnityEngine.DebugLogHandler:LogFormat (UnityEngine.LogType,UnityEngine.Object,string,object[])
UnityEngine.Logger:Log (UnityEngine.LogType,object)
UnityEngine.Debug:LogError (object)
UnityEditor.EditorAssemblies:ProcessInitializeOnLoadMethodAttributes ()

Mono: successfully reloaded assembly
- Completed reload, in  1.428 seconds
Domain Reload Profiling:
	ReloadAssembly (1429ms)
		BeginReloadAssembly (241ms)
			ExecutionOrderSort (0ms)
			DisableScriptedObjects (17ms)
			BackupInstance (0ms)
			ReleaseScriptingObjects (0ms)
			CreateAndSetChildDomain (96ms)
		EndReloadAssembly (1049ms)
			LoadAssemblies (123ms)
			RebuildTransferFunctionScriptingTraits (0ms)
			SetupTypeCache (312ms)
			ReleaseScriptCaches (4ms)
			RebuildScriptCaches (52ms)
			SetupLoadedEditorAssemblies (454ms)
				LogAssemblyErrors (0ms)
				InitializePlatformSupportModulesInManaged (8ms)
				SetLoadedEditorAssemblies (1ms)
				RefreshPlugins (1ms)
				BeforeProcessingInitializeOnLoad (94ms)
				ProcessInitializeOnLoadAttributes (233ms)
				ProcessInitializeOnLoadMethodAttributes (108ms)
				AfterProcessingInitializeOnLoad (8ms)
				EditorAssembliesLoaded (0ms)
			ExecutionOrderSort2 (0ms)
			AwakeInstancesAfterBackupRestoration (15ms)
Platform modules already initialized, skipping
Refreshing native plugins compatible for Editor in 4.19 ms, found 2 plugins.
Preloading 0 native plugins for Editor in 0.00 ms.
Unloading 4887 Unused Serialized files (Serialized files now loaded: 0)
Unloading 24 unused Assets / (432.5 KB). Loaded Objects now: 5588.
Memory consumption went from 204.8 MB to 204.4 MB.
Total: 7.498300 ms (FindLiveObjects: 0.603300 ms CreateObjectMapping: 0.619300 ms MarkObjects: 5.788000 ms  DeleteObjects: 0.485900 ms)

AssetImportParameters requested are different than current active one (requested -> active):
  custom:video-decoder-ogg-theora: a1e56fd34408186e4bbccfd4996cb3dc -> 
  custom:container-muxer-webm: aa71ff27fc2769a1b78a27578f13a17b -> 
  custom:container-demuxer-webm: 4f35f7cbe854078d1ac9338744f61a02 -> 
  custom:video-encoder-webm-vp8: eb34c28f22e8b96e1ab97ce403110664 -> 
  custom:video-codec-MediaFoundation-h265: 746d11721c4dcdbdad8f713fa42b33f4 -> 
  custom:audio-encoder-webm-vorbis: bf7c407c2cedff20999df2af8eb42d56 -> 
  custom:framework-win-MediaFoundation: 216162199b28c13a410421893ffa2e32 -> 
  custom:container-demuxer-ogg: 62fdf1f143b41e24485cea50d1cbac27 -> 
  custom:video-decoder-webm-vp8: 9c59270c3fd7afecdb556c50c9e8de78 -> 
  custom:audio-decoder-ogg-vorbis: bf7c407c2cedff20999df2af8eb42d56 -> 
========================================================================
Received Import Request.
  Time since last request: 270.868783 seconds.
  path: Assets/cube.fbx
  artifactKey: Guid(6723b27d825ecb04c8388bb208b59571) Importer(815301076,1909f56bfc062723c751e8b465ee728b)
Start importing Assets/cube.fbx using Guid(6723b27d825ecb04c8388bb208b59571) Importer(815301076,1909f56bfc062723c751e8b465ee728b)  -> (artifact id: '0fa0a7c1015f7fbb8f1749c52c7f9a29') in 0.318430 seconds 
